{"level":"INFO","message":"[5:06:23.675 AM]: Creating new connection object"}
{"level":"INFO","message":"[5:06:23.694 AM]: Creating Connection[id: 9406ba4a-88e1-4d0b-bba5-6a92be73cf89] with host: VGLNBLD-UE65150.snowflakecomputing.com, account: VGLNBLD-UE65150, accessUrl: https://VGLNBLD-UE65150.snowflakecomputing.com, user: SHEEP, role: undefined, database: MIRROR, schema: MATCHING, warehouse: MIRROR_WH, proxy was not configured, password is provided, region: undefined, authenticator: SNOWFLAKE, ocsp mode: FAIL_OPEN, os: darwin, os version: 25.2.0"}
{"level":"INFO","message":"[5:06:23.695 AM]: Connection[id: 9406ba4a-88e1-4d0b-bba5-6a92be73cf89] additional details: passcode in password is provided, passcode is not provided, private key is not provided, application: undefined, client name: snowflake-sdk, client version: 2.3.4, retry timeout: 300, private key path: undefined, private key pass is not provided, client store temporary credential: false, browser response timeout: 120000"}
{"level":"INFO","message":"[5:06:23.695 AM]: Connection[id: 9406ba4a-88e1-4d0b-bba5-6a92be73cf89] - connection object created successfully."}
{"level":"INFO","message":"[5:06:23.696 AM]: Connection[id: 9406ba4a-88e1-4d0b-bba5-6a92be73cf89] - async connecting. Associated Snowflake domain: GLOBAL"}
{"level":"INFO","message":"[5:06:23.696 AM]: Trying to initialize Easy Logging"}
{"level":"INFO","message":"[5:06:23.698 AM]: No client config detected."}
{"level":"INFO","message":"[5:06:23.699 AM]: No config file path found. Client config will not be used."}
{"level":"INFO","message":"[5:06:23.699 AM]: Easy Logging is disabled as no config has been found"}
{"level":"INFO","message":"[5:06:23.700 AM]: Connection[id: 9406ba4a-88e1-4d0b-bba5-6a92be73cf89] - authentication successful using: SNOWFLAKE"}
{"level":"INFO","message":"[5:06:25.122 AM]: Connection[id: 9406ba4a-88e1-4d0b-bba5-6a92be73cf89] - connection established successfully after 1426.39 milliseconds"}
{"level":"INFO","message":"[5:08:52.596 AM]: Creating new connection object"}
{"level":"INFO","message":"[5:08:52.597 AM]: Creating Connection[id: a8f9aa2e-559d-4fd8-be79-e52bf55984b5] with host: VGLNBLD-UE65150.snowflakecomputing.com, account: VGLNBLD-UE65150, accessUrl: https://VGLNBLD-UE65150.snowflakecomputing.com, user: SHEEP, role: undefined, database: MIRROR, schema: MATCHING, warehouse: MIRROR_WH, proxy was not configured, password is provided, region: undefined, authenticator: SNOWFLAKE, ocsp mode: FAIL_OPEN, os: darwin, os version: 25.2.0"}
{"level":"INFO","message":"[5:08:52.597 AM]: Connection[id: a8f9aa2e-559d-4fd8-be79-e52bf55984b5] additional details: passcode in password is provided, passcode is not provided, private key is not provided, application: undefined, client name: snowflake-sdk, client version: 2.3.4, retry timeout: 300, private key path: undefined, private key pass is not provided, client store temporary credential: false, browser response timeout: 120000"}
{"level":"INFO","message":"[5:08:52.597 AM]: Connection[id: a8f9aa2e-559d-4fd8-be79-e52bf55984b5] - connection object created successfully."}
{"level":"INFO","message":"[5:08:52.597 AM]: Connection[id: a8f9aa2e-559d-4fd8-be79-e52bf55984b5] - async connecting. Associated Snowflake domain: GLOBAL"}
{"level":"INFO","message":"[5:08:52.597 AM]: Connection[id: a8f9aa2e-559d-4fd8-be79-e52bf55984b5] - authentication successful using: SNOWFLAKE"}
{"level":"INFO","message":"[5:08:53.539 AM]: Connection[id: a8f9aa2e-559d-4fd8-be79-e52bf55984b5] - connection established successfully after 941.88 milliseconds"}
{"level":"INFO","message":"[5:10:02.114 AM]: Creating new connection object"}
{"level":"INFO","message":"[5:10:02.124 AM]: Creating Connection[id: 242d4ea0-0a52-4f39-939f-cd576ca2483d] with host: VGLNBLD-UE65150.snowflakecomputing.com, account: VGLNBLD-UE65150, accessUrl: https://VGLNBLD-UE65150.snowflakecomputing.com, user: SHEEP, role: undefined, database: MIRROR, schema: MATCHING, warehouse: MIRROR_WH, proxy was not configured, password is provided, region: undefined, authenticator: SNOWFLAKE, ocsp mode: FAIL_OPEN, os: darwin, os version: 25.2.0"}
{"level":"INFO","message":"[5:10:02.126 AM]: Connection[id: 242d4ea0-0a52-4f39-939f-cd576ca2483d] additional details: passcode in password is provided, passcode is not provided, private key is not provided, application: undefined, client name: snowflake-sdk, client version: 2.3.4, retry timeout: 300, private key path: undefined, private key pass is not provided, client store temporary credential: false, browser response timeout: 120000"}
{"level":"INFO","message":"[5:10:02.127 AM]: Connection[id: 242d4ea0-0a52-4f39-939f-cd576ca2483d] - connection object created successfully."}
{"level":"INFO","message":"[5:10:02.127 AM]: Connection[id: 242d4ea0-0a52-4f39-939f-cd576ca2483d] - async connecting. Associated Snowflake domain: GLOBAL"}
{"level":"INFO","message":"[5:10:02.128 AM]: Connection[id: 242d4ea0-0a52-4f39-939f-cd576ca2483d] - authentication successful using: SNOWFLAKE"}
{"level":"INFO","message":"[5:10:02.902 AM]: Connection[id: 242d4ea0-0a52-4f39-939f-cd576ca2483d] - connection established successfully after 774.88 milliseconds"}
{"level":"INFO","message":"[5:10:03.270 AM]: Creating new connection object"}
{"level":"INFO","message":"[5:10:03.271 AM]: Creating Connection[id: dd40d32c-ec6d-43a0-8d46-fcfdc4becad6] with host: VGLNBLD-UE65150.snowflakecomputing.com, account: VGLNBLD-UE65150, accessUrl: https://VGLNBLD-UE65150.snowflakecomputing.com, user: SHEEP, role: undefined, database: MIRROR, schema: MATCHING, warehouse: MIRROR_WH, proxy was not configured, password is provided, region: undefined, authenticator: SNOWFLAKE, ocsp mode: FAIL_OPEN, os: darwin, os version: 25.2.0"}
{"level":"INFO","message":"[5:10:03.271 AM]: Connection[id: dd40d32c-ec6d-43a0-8d46-fcfdc4becad6] additional details: passcode in password is provided, passcode is not provided, private key is not provided, application: undefined, client name: snowflake-sdk, client version: 2.3.4, retry timeout: 300, private key path: undefined, private key pass is not provided, client store temporary credential: false, browser response timeout: 120000"}
{"level":"INFO","message":"[5:10:03.271 AM]: Connection[id: dd40d32c-ec6d-43a0-8d46-fcfdc4becad6] - connection object created successfully."}
{"level":"INFO","message":"[5:10:03.271 AM]: Connection[id: dd40d32c-ec6d-43a0-8d46-fcfdc4becad6] - async connecting. Associated Snowflake domain: GLOBAL"}
{"level":"INFO","message":"[5:10:03.271 AM]: Connection[id: dd40d32c-ec6d-43a0-8d46-fcfdc4becad6] - authentication successful using: SNOWFLAKE"}
{"level":"INFO","message":"[5:10:05.387 AM]: Connection[id: dd40d32c-ec6d-43a0-8d46-fcfdc4becad6] - connection established successfully after 2115.82 milliseconds"}
{"level":"INFO","message":"[5:14:15.535 AM]: Creating new connection object"}
{"level":"INFO","message":"[5:14:15.549 AM]: Creating Connection[id: 38311cb0-ec82-43b4-8e31-2089ec2de0ed] with host: VGLNBLD-UE65150.snowflakecomputing.com, account: VGLNBLD-UE65150, accessUrl: https://VGLNBLD-UE65150.snowflakecomputing.com, user: SHEEP, role: undefined, database: MIRROR, schema: MATCHING, warehouse: MIRROR_WH, proxy was not configured, password is provided, region: undefined, authenticator: SNOWFLAKE, ocsp mode: FAIL_OPEN, os: darwin, os version: 25.2.0"}
{"level":"INFO","message":"[5:14:15.550 AM]: Connection[id: 38311cb0-ec82-43b4-8e31-2089ec2de0ed] additional details: passcode in password is provided, passcode is not provided, private key is not provided, application: undefined, client name: snowflake-sdk, client version: 2.3.4, retry timeout: 300, private key path: undefined, private key pass is not provided, client store temporary credential: false, browser response timeout: 120000"}
{"level":"INFO","message":"[5:14:15.550 AM]: Connection[id: 38311cb0-ec82-43b4-8e31-2089ec2de0ed] - connection object created successfully."}
{"level":"INFO","message":"[5:14:15.551 AM]: Connection[id: 38311cb0-ec82-43b4-8e31-2089ec2de0ed] - async connecting. Associated Snowflake domain: GLOBAL"}
{"level":"INFO","message":"[5:14:15.551 AM]: Trying to initialize Easy Logging"}
{"level":"INFO","message":"[5:14:15.554 AM]: No client config detected."}
{"level":"INFO","message":"[5:14:15.554 AM]: No config file path found. Client config will not be used."}
{"level":"INFO","message":"[5:14:15.554 AM]: Easy Logging is disabled as no config has been found"}
{"level":"INFO","message":"[5:14:15.555 AM]: Connection[id: 38311cb0-ec82-43b4-8e31-2089ec2de0ed] - authentication successful using: SNOWFLAKE"}
{"level":"INFO","message":"[5:14:19.750 AM]: Connection[id: 38311cb0-ec82-43b4-8e31-2089ec2de0ed] - connection established successfully after 4199.57 milliseconds"}
{"level":"INFO","message":"[5:14:20.172 AM]: Creating new connection object"}
{"level":"INFO","message":"[5:14:20.173 AM]: Creating Connection[id: 7ea2ac77-09e0-4438-b9c9-9742f5390ae3] with host: VGLNBLD-UE65150.snowflakecomputing.com, account: VGLNBLD-UE65150, accessUrl: https://VGLNBLD-UE65150.snowflakecomputing.com, user: SHEEP, role: undefined, database: MIRROR, schema: MATCHING, warehouse: MIRROR_WH, proxy was not configured, password is provided, region: undefined, authenticator: SNOWFLAKE, ocsp mode: FAIL_OPEN, os: darwin, os version: 25.2.0"}
{"level":"INFO","message":"[5:14:20.173 AM]: Connection[id: 7ea2ac77-09e0-4438-b9c9-9742f5390ae3] additional details: passcode in password is provided, passcode is not provided, private key is not provided, application: undefined, client name: snowflake-sdk, client version: 2.3.4, retry timeout: 300, private key path: undefined, private key pass is not provided, client store temporary credential: false, browser response timeout: 120000"}
{"level":"INFO","message":"[5:14:20.173 AM]: Connection[id: 7ea2ac77-09e0-4438-b9c9-9742f5390ae3] - connection object created successfully."}
{"level":"INFO","message":"[5:14:20.173 AM]: Connection[id: 7ea2ac77-09e0-4438-b9c9-9742f5390ae3] - async connecting. Associated Snowflake domain: GLOBAL"}
{"level":"INFO","message":"[5:14:20.174 AM]: Connection[id: 7ea2ac77-09e0-4438-b9c9-9742f5390ae3] - authentication successful using: SNOWFLAKE"}
{"level":"INFO","message":"[5:14:21.014 AM]: Connection[id: 7ea2ac77-09e0-4438-b9c9-9742f5390ae3] - connection established successfully after 840.35 milliseconds"}
{"level":"INFO","message":"[6:09:50.096 AM]: Creating new connection object"}
{"level":"INFO","message":"[6:09:50.119 AM]: Creating Connection[id: fc22d29f-a8f9-48de-b553-8d478eda3836] with host: VGLNBLD-UE65150.snowflakecomputing.com, account: VGLNBLD-UE65150, accessUrl: https://VGLNBLD-UE65150.snowflakecomputing.com, user: SHEEP, role: undefined, database: MIRROR, schema: MATCHING, warehouse: MIRROR_WH, proxy was not configured, password is provided, region: undefined, authenticator: SNOWFLAKE, ocsp mode: FAIL_OPEN, os: darwin, os version: 25.2.0"}
{"level":"INFO","message":"[6:09:50.120 AM]: Connection[id: fc22d29f-a8f9-48de-b553-8d478eda3836] additional details: passcode in password is provided, passcode is not provided, private key is not provided, application: undefined, client name: snowflake-sdk, client version: 2.3.4, retry timeout: 300, private key path: undefined, private key pass is not provided, client store temporary credential: false, browser response timeout: 120000"}
{"level":"INFO","message":"[6:09:50.120 AM]: Connection[id: fc22d29f-a8f9-48de-b553-8d478eda3836] - connection object created successfully."}
{"level":"INFO","message":"[6:09:50.121 AM]: Connection[id: fc22d29f-a8f9-48de-b553-8d478eda3836] - async connecting. Associated Snowflake domain: GLOBAL"}
{"level":"INFO","message":"[6:09:50.123 AM]: Trying to initialize Easy Logging"}
{"level":"INFO","message":"[6:09:50.129 AM]: No client config detected."}
{"level":"INFO","message":"[6:09:50.129 AM]: No config file path found. Client config will not be used."}
{"level":"INFO","message":"[6:09:50.130 AM]: Easy Logging is disabled as no config has been found"}
{"level":"INFO","message":"[6:09:50.130 AM]: Connection[id: fc22d29f-a8f9-48de-b553-8d478eda3836] - authentication successful using: SNOWFLAKE"}
{"level":"INFO","message":"[6:09:51.451 AM]: Connection[id: fc22d29f-a8f9-48de-b553-8d478eda3836] - connection established successfully after 1330.43 milliseconds"}
{"level":"INFO","message":"[6:09:51.776 AM]: Creating new connection object"}
{"level":"INFO","message":"[6:09:51.777 AM]: Creating Connection[id: 891b51b1-8048-42b5-b4cf-35302513622c] with host: VGLNBLD-UE65150.snowflakecomputing.com, account: VGLNBLD-UE65150, accessUrl: https://VGLNBLD-UE65150.snowflakecomputing.com, user: SHEEP, role: undefined, database: MIRROR, schema: MATCHING, warehouse: MIRROR_WH, proxy was not configured, password is provided, region: undefined, authenticator: SNOWFLAKE, ocsp mode: FAIL_OPEN, os: darwin, os version: 25.2.0"}
{"level":"INFO","message":"[6:09:51.777 AM]: Connection[id: 891b51b1-8048-42b5-b4cf-35302513622c] additional details: passcode in password is provided, passcode is not provided, private key is not provided, application: undefined, client name: snowflake-sdk, client version: 2.3.4, retry timeout: 300, private key path: undefined, private key pass is not provided, client store temporary credential: false, browser response timeout: 120000"}
{"level":"INFO","message":"[6:09:51.777 AM]: Connection[id: 891b51b1-8048-42b5-b4cf-35302513622c] - connection object created successfully."}
{"level":"INFO","message":"[6:09:51.777 AM]: Connection[id: 891b51b1-8048-42b5-b4cf-35302513622c] - async connecting. Associated Snowflake domain: GLOBAL"}
{"level":"INFO","message":"[6:09:51.777 AM]: Connection[id: 891b51b1-8048-42b5-b4cf-35302513622c] - authentication successful using: SNOWFLAKE"}
{"level":"INFO","message":"[6:09:52.530 AM]: Connection[id: 891b51b1-8048-42b5-b4cf-35302513622c] - connection established successfully after 753.07 milliseconds"}
{"level":"INFO","message":"[6:09:52.658 AM]: Creating new connection object"}
{"level":"INFO","message":"[6:09:52.659 AM]: Creating Connection[id: 9a895719-9c64-4fe5-baa3-c30268403b23] with host: VGLNBLD-UE65150.snowflakecomputing.com, account: VGLNBLD-UE65150, accessUrl: https://VGLNBLD-UE65150.snowflakecomputing.com, user: SHEEP, role: undefined, database: MIRROR, schema: MATCHING, warehouse: MIRROR_WH, proxy was not configured, password is provided, region: undefined, authenticator: SNOWFLAKE, ocsp mode: FAIL_OPEN, os: darwin, os version: 25.2.0"}
{"level":"INFO","message":"[6:09:52.660 AM]: Connection[id: 9a895719-9c64-4fe5-baa3-c30268403b23] additional details: passcode in password is provided, passcode is not provided, private key is not provided, application: undefined, client name: snowflake-sdk, client version: 2.3.4, retry timeout: 300, private key path: undefined, private key pass is not provided, client store temporary credential: false, browser response timeout: 120000"}
{"level":"INFO","message":"[6:09:52.660 AM]: Connection[id: 9a895719-9c64-4fe5-baa3-c30268403b23] - connection object created successfully."}
{"level":"INFO","message":"[6:09:52.660 AM]: Connection[id: 9a895719-9c64-4fe5-baa3-c30268403b23] - async connecting. Associated Snowflake domain: GLOBAL"}
{"level":"INFO","message":"[6:09:52.660 AM]: Connection[id: 9a895719-9c64-4fe5-baa3-c30268403b23] - authentication successful using: SNOWFLAKE"}
{"level":"INFO","message":"[6:09:52.890 AM]: Connection[id: 9a895719-9c64-4fe5-baa3-c30268403b23] - connection established successfully after 230.07 milliseconds"}
{"level":"INFO","message":"[6:14:52.691 AM]: Creating new connection object"}
{"level":"INFO","message":"[6:14:52.696 AM]: Creating Connection[id: 5869ca00-4208-4e41-99fd-94b2d3cd5904] with host: VGLNBLD-UE65150.snowflakecomputing.com, account: VGLNBLD-UE65150, accessUrl: https://VGLNBLD-UE65150.snowflakecomputing.com, user: SHEEP, role: undefined, database: MIRROR, schema: MATCHING, warehouse: MIRROR_WH, proxy was not configured, password is provided, region: undefined, authenticator: SNOWFLAKE, ocsp mode: FAIL_OPEN, os: darwin, os version: 25.2.0"}
{"level":"INFO","message":"[6:14:52.697 AM]: Connection[id: 5869ca00-4208-4e41-99fd-94b2d3cd5904] additional details: passcode in password is provided, passcode is not provided, private key is not provided, application: undefined, client name: snowflake-sdk, client version: 2.3.4, retry timeout: 300, private key path: undefined, private key pass is not provided, client store temporary credential: false, browser response timeout: 120000"}
{"level":"INFO","message":"[6:14:52.698 AM]: Connection[id: 5869ca00-4208-4e41-99fd-94b2d3cd5904] - connection object created successfully."}
{"level":"INFO","message":"[6:14:52.698 AM]: Connection[id: 5869ca00-4208-4e41-99fd-94b2d3cd5904] - async connecting. Associated Snowflake domain: GLOBAL"}
{"level":"INFO","message":"[6:14:52.698 AM]: Connection[id: 5869ca00-4208-4e41-99fd-94b2d3cd5904] - authentication successful using: SNOWFLAKE"}
{"level":"INFO","message":"[6:14:53.837 AM]: Connection[id: 5869ca00-4208-4e41-99fd-94b2d3cd5904] - connection established successfully after 1139.23 milliseconds"}
{"level":"INFO","message":"[6:14:54.343 AM]: Creating new connection object"}
{"level":"INFO","message":"[6:14:54.346 AM]: Creating Connection[id: 700c3b56-9788-4a2d-9c11-edf673940ef8] with host: VGLNBLD-UE65150.snowflakecomputing.com, account: VGLNBLD-UE65150, accessUrl: https://VGLNBLD-UE65150.snowflakecomputing.com, user: SHEEP, role: undefined, database: MIRROR, schema: MATCHING, warehouse: MIRROR_WH, proxy was not configured, password is provided, region: undefined, authenticator: SNOWFLAKE, ocsp mode: FAIL_OPEN, os: darwin, os version: 25.2.0"}
{"level":"INFO","message":"[6:14:54.347 AM]: Connection[id: 700c3b56-9788-4a2d-9c11-edf673940ef8] additional details: passcode in password is provided, passcode is not provided, private key is not provided, application: undefined, client name: snowflake-sdk, client version: 2.3.4, retry timeout: 300, private key path: undefined, private key pass is not provided, client store temporary credential: false, browser response timeout: 120000"}
{"level":"INFO","message":"[6:14:54.347 AM]: Connection[id: 700c3b56-9788-4a2d-9c11-edf673940ef8] - connection object created successfully."}
{"level":"INFO","message":"[6:14:54.348 AM]: Connection[id: 700c3b56-9788-4a2d-9c11-edf673940ef8] - async connecting. Associated Snowflake domain: GLOBAL"}
{"level":"INFO","message":"[6:14:54.348 AM]: Connection[id: 700c3b56-9788-4a2d-9c11-edf673940ef8] - authentication successful using: SNOWFLAKE"}
{"level":"INFO","message":"[6:14:55.105 AM]: Connection[id: 700c3b56-9788-4a2d-9c11-edf673940ef8] - connection established successfully after 757.21 milliseconds"}
{"level":"INFO","message":"[6:14:55.249 AM]: Creating new connection object"}
{"level":"INFO","message":"[6:14:55.250 AM]: Creating Connection[id: 6f56e8d3-91c7-49be-8755-1ebae1bf343f] with host: VGLNBLD-UE65150.snowflakecomputing.com, account: VGLNBLD-UE65150, accessUrl: https://VGLNBLD-UE65150.snowflakecomputing.com, user: SHEEP, role: undefined, database: MIRROR, schema: MATCHING, warehouse: MIRROR_WH, proxy was not configured, password is provided, region: undefined, authenticator: SNOWFLAKE, ocsp mode: FAIL_OPEN, os: darwin, os version: 25.2.0"}
{"level":"INFO","message":"[6:14:55.250 AM]: Connection[id: 6f56e8d3-91c7-49be-8755-1ebae1bf343f] additional details: passcode in password is provided, passcode is not provided, private key is not provided, application: undefined, client name: snowflake-sdk, client version: 2.3.4, retry timeout: 300, private key path: undefined, private key pass is not provided, client store temporary credential: false, browser response timeout: 120000"}
{"level":"INFO","message":"[6:14:55.250 AM]: Connection[id: 6f56e8d3-91c7-49be-8755-1ebae1bf343f] - connection object created successfully."}
{"level":"INFO","message":"[6:14:55.250 AM]: Connection[id: 6f56e8d3-91c7-49be-8755-1ebae1bf343f] - async connecting. Associated Snowflake domain: GLOBAL"}
{"level":"INFO","message":"[6:14:55.250 AM]: Connection[id: 6f56e8d3-91c7-49be-8755-1ebae1bf343f] - authentication successful using: SNOWFLAKE"}
{"level":"INFO","message":"[6:14:55.475 AM]: Connection[id: 6f56e8d3-91c7-49be-8755-1ebae1bf343f] - connection established successfully after 225.06 milliseconds"}
{"level":"INFO","message":"[6:18:34.936 AM]: Creating new connection object"}
{"level":"INFO","message":"[6:18:34.957 AM]: Creating Connection[id: a3d9c3f5-c0ba-4fb2-af77-2c935e5db2cc] with host: VGLNBLD-UE65150.snowflakecomputing.com, account: VGLNBLD-UE65150, accessUrl: https://VGLNBLD-UE65150.snowflakecomputing.com, user: SHEEP, role: undefined, database: MIRROR, schema: MATCHING, warehouse: MIRROR_WH, proxy was not configured, password is provided, region: undefined, authenticator: SNOWFLAKE, ocsp mode: FAIL_OPEN, os: darwin, os version: 25.2.0"}
{"level":"INFO","message":"[6:18:34.964 AM]: Connection[id: a3d9c3f5-c0ba-4fb2-af77-2c935e5db2cc] additional details: passcode in password is provided, passcode is not provided, private key is not provided, application: undefined, client name: snowflake-sdk, client version: 2.3.4, retry timeout: 300, private key path: undefined, private key pass is not provided, client store temporary credential: false, browser response timeout: 120000"}
{"level":"INFO","message":"[6:18:34.965 AM]: Connection[id: a3d9c3f5-c0ba-4fb2-af77-2c935e5db2cc] - connection object created successfully."}
{"level":"INFO","message":"[6:18:34.970 AM]: Connection[id: a3d9c3f5-c0ba-4fb2-af77-2c935e5db2cc] - async connecting. Associated Snowflake domain: GLOBAL"}
{"level":"INFO","message":"[6:18:34.970 AM]: Connection[id: a3d9c3f5-c0ba-4fb2-af77-2c935e5db2cc] - authentication successful using: SNOWFLAKE"}
{"level":"INFO","message":"[6:18:39.721 AM]: Connection[id: a3d9c3f5-c0ba-4fb2-af77-2c935e5db2cc] - connection established successfully after 4751.73 milliseconds"}
{"level":"INFO","message":"[6:18:40.021 AM]: Creating new connection object"}
{"level":"INFO","message":"[6:18:40.022 AM]: Creating Connection[id: e3705ac5-7068-47ff-9d6b-5bd99287f37b] with host: VGLNBLD-UE65150.snowflakecomputing.com, account: VGLNBLD-UE65150, accessUrl: https://VGLNBLD-UE65150.snowflakecomputing.com, user: SHEEP, role: undefined, database: MIRROR, schema: MATCHING, warehouse: MIRROR_WH, proxy was not configured, password is provided, region: undefined, authenticator: SNOWFLAKE, ocsp mode: FAIL_OPEN, os: darwin, os version: 25.2.0"}
{"level":"INFO","message":"[6:18:40.022 AM]: Connection[id: e3705ac5-7068-47ff-9d6b-5bd99287f37b] additional details: passcode in password is provided, passcode is not provided, private key is not provided, application: undefined, client name: snowflake-sdk, client version: 2.3.4, retry timeout: 300, private key path: undefined, private key pass is not provided, client store temporary credential: false, browser response timeout: 120000"}
{"level":"INFO","message":"[6:18:40.022 AM]: Connection[id: e3705ac5-7068-47ff-9d6b-5bd99287f37b] - connection object created successfully."}
{"level":"INFO","message":"[6:18:40.022 AM]: Connection[id: e3705ac5-7068-47ff-9d6b-5bd99287f37b] - async connecting. Associated Snowflake domain: GLOBAL"}
{"level":"INFO","message":"[6:18:40.023 AM]: Connection[id: e3705ac5-7068-47ff-9d6b-5bd99287f37b] - authentication successful using: SNOWFLAKE"}
{"level":"INFO","message":"[6:18:40.798 AM]: Connection[id: e3705ac5-7068-47ff-9d6b-5bd99287f37b] - connection established successfully after 775.15 milliseconds"}
{"level":"INFO","message":"[6:18:40.917 AM]: Creating new connection object"}
{"level":"INFO","message":"[6:18:40.919 AM]: Creating Connection[id: 05447d4b-a6cb-402a-8088-ec58efae4b72] with host: VGLNBLD-UE65150.snowflakecomputing.com, account: VGLNBLD-UE65150, accessUrl: https://VGLNBLD-UE65150.snowflakecomputing.com, user: SHEEP, role: undefined, database: MIRROR, schema: MATCHING, warehouse: MIRROR_WH, proxy was not configured, password is provided, region: undefined, authenticator: SNOWFLAKE, ocsp mode: FAIL_OPEN, os: darwin, os version: 25.2.0"}
{"level":"INFO","message":"[6:18:40.920 AM]: Connection[id: 05447d4b-a6cb-402a-8088-ec58efae4b72] additional details: passcode in password is provided, passcode is not provided, private key is not provided, application: undefined, client name: snowflake-sdk, client version: 2.3.4, retry timeout: 300, private key path: undefined, private key pass is not provided, client store temporary credential: false, browser response timeout: 120000"}
{"level":"INFO","message":"[6:18:40.920 AM]: Connection[id: 05447d4b-a6cb-402a-8088-ec58efae4b72] - connection object created successfully."}
{"level":"INFO","message":"[6:18:40.920 AM]: Connection[id: 05447d4b-a6cb-402a-8088-ec58efae4b72] - async connecting. Associated Snowflake domain: GLOBAL"}
{"level":"INFO","message":"[6:18:40.921 AM]: Connection[id: 05447d4b-a6cb-402a-8088-ec58efae4b72] - authentication successful using: SNOWFLAKE"}
{"level":"INFO","message":"[6:18:41.883 AM]: Connection[id: 05447d4b-a6cb-402a-8088-ec58efae4b72] - connection established successfully after 963.07 milliseconds"}
{"level":"INFO","message":"[6:21:12.059 AM]: Creating new connection object"}
{"level":"INFO","message":"[6:21:12.061 AM]: Creating Connection[id: 5c148be4-f22d-4c04-82f2-cf3fbd2ed34e] with host: VGLNBLD-UE65150.snowflakecomputing.com, account: VGLNBLD-UE65150, accessUrl: https://VGLNBLD-UE65150.snowflakecomputing.com, user: SHEEP, role: undefined, database: MIRROR, schema: MATCHING, warehouse: MIRROR_WH, proxy was not configured, password is provided, region: undefined, authenticator: SNOWFLAKE, ocsp mode: FAIL_OPEN, os: darwin, os version: 25.2.0"}
{"level":"INFO","message":"[6:21:12.061 AM]: Connection[id: 5c148be4-f22d-4c04-82f2-cf3fbd2ed34e] additional details: passcode in password is provided, passcode is not provided, private key is not provided, application: undefined, client name: snowflake-sdk, client version: 2.3.4, retry timeout: 300, private key path: undefined, private key pass is not provided, client store temporary credential: false, browser response timeout: 120000"}
{"level":"INFO","message":"[6:21:12.061 AM]: Connection[id: 5c148be4-f22d-4c04-82f2-cf3fbd2ed34e] - connection object created successfully."}
{"level":"INFO","message":"[6:21:12.061 AM]: Connection[id: 5c148be4-f22d-4c04-82f2-cf3fbd2ed34e] - async connecting. Associated Snowflake domain: GLOBAL"}
{"level":"INFO","message":"[6:21:12.061 AM]: Connection[id: 5c148be4-f22d-4c04-82f2-cf3fbd2ed34e] - authentication successful using: SNOWFLAKE"}
{"level":"INFO","message":"[6:21:12.827 AM]: Connection[id: 5c148be4-f22d-4c04-82f2-cf3fbd2ed34e] - connection established successfully after 766.08 milliseconds"}
{"level":"INFO","message":"[6:21:13.436 AM]: Creating new connection object"}
{"level":"INFO","message":"[6:21:13.437 AM]: Creating Connection[id: c6311758-a040-45df-a0cc-da91e7bfb7d2] with host: VGLNBLD-UE65150.snowflakecomputing.com, account: VGLNBLD-UE65150, accessUrl: https://VGLNBLD-UE65150.snowflakecomputing.com, user: SHEEP, role: undefined, database: MIRROR, schema: MATCHING, warehouse: MIRROR_WH, proxy was not configured, password is provided, region: undefined, authenticator: SNOWFLAKE, ocsp mode: FAIL_OPEN, os: darwin, os version: 25.2.0"}
{"level":"INFO","message":"[6:21:13.437 AM]: Connection[id: c6311758-a040-45df-a0cc-da91e7bfb7d2] additional details: passcode in password is provided, passcode is not provided, private key is not provided, application: undefined, client name: snowflake-sdk, client version: 2.3.4, retry timeout: 300, private key path: undefined, private key pass is not provided, client store temporary credential: false, browser response timeout: 120000"}
{"level":"INFO","message":"[6:21:13.437 AM]: Connection[id: c6311758-a040-45df-a0cc-da91e7bfb7d2] - connection object created successfully."}
{"level":"INFO","message":"[6:21:13.438 AM]: Connection[id: c6311758-a040-45df-a0cc-da91e7bfb7d2] - async connecting. Associated Snowflake domain: GLOBAL"}
{"level":"INFO","message":"[6:21:13.438 AM]: Connection[id: c6311758-a040-45df-a0cc-da91e7bfb7d2] - authentication successful using: SNOWFLAKE"}
{"level":"INFO","message":"[6:21:14.234 AM]: Connection[id: c6311758-a040-45df-a0cc-da91e7bfb7d2] - connection established successfully after 796.77 milliseconds"}
{"level":"INFO","message":"[6:21:14.321 AM]: Creating new connection object"}
{"level":"INFO","message":"[6:21:14.321 AM]: Creating Connection[id: d357422f-6f7d-4fec-b1b3-22b47c4b4b3c] with host: VGLNBLD-UE65150.snowflakecomputing.com, account: VGLNBLD-UE65150, accessUrl: https://VGLNBLD-UE65150.snowflakecomputing.com, user: SHEEP, role: undefined, database: MIRROR, schema: MATCHING, warehouse: MIRROR_WH, proxy was not configured, password is provided, region: undefined, authenticator: SNOWFLAKE, ocsp mode: FAIL_OPEN, os: darwin, os version: 25.2.0"}
{"level":"INFO","message":"[6:21:14.322 AM]: Connection[id: d357422f-6f7d-4fec-b1b3-22b47c4b4b3c] additional details: passcode in password is provided, passcode is not provided, private key is not provided, application: undefined, client name: snowflake-sdk, client version: 2.3.4, retry timeout: 300, private key path: undefined, private key pass is not provided, client store temporary credential: false, browser response timeout: 120000"}
{"level":"INFO","message":"[6:21:14.322 AM]: Connection[id: d357422f-6f7d-4fec-b1b3-22b47c4b4b3c] - connection object created successfully."}
{"level":"INFO","message":"[6:21:14.322 AM]: Connection[id: d357422f-6f7d-4fec-b1b3-22b47c4b4b3c] - async connecting. Associated Snowflake domain: GLOBAL"}
{"level":"INFO","message":"[6:21:14.322 AM]: Connection[id: d357422f-6f7d-4fec-b1b3-22b47c4b4b3c] - authentication successful using: SNOWFLAKE"}
{"level":"INFO","message":"[6:21:14.389 AM]: Connection[id: d357422f-6f7d-4fec-b1b3-22b47c4b4b3c] - connection established successfully after 67.67 milliseconds"}
{"level":"INFO","message":"[6:24:52.105 AM]: Creating new connection object"}
{"level":"INFO","message":"[6:24:52.128 AM]: Creating Connection[id: d445dfe7-59ad-4fb4-a3be-6bae161428d6] with host: VGLNBLD-UE65150.snowflakecomputing.com, account: VGLNBLD-UE65150, accessUrl: https://VGLNBLD-UE65150.snowflakecomputing.com, user: SHEEP, role: undefined, database: MIRROR, schema: MATCHING, warehouse: MIRROR_WH, proxy was not configured, password is provided, region: undefined, authenticator: SNOWFLAKE, ocsp mode: FAIL_OPEN, os: darwin, os version: 25.2.0"}
{"level":"INFO","message":"[6:24:52.131 AM]: Connection[id: d445dfe7-59ad-4fb4-a3be-6bae161428d6] additional details: passcode in password is provided, passcode is not provided, private key is not provided, application: undefined, client name: snowflake-sdk, client version: 2.3.4, retry timeout: 300, private key path: undefined, private key pass is not provided, client store temporary credential: false, browser response timeout: 120000"}
{"level":"INFO","message":"[6:24:52.132 AM]: Connection[id: d445dfe7-59ad-4fb4-a3be-6bae161428d6] - connection object created successfully."}
{"level":"INFO","message":"[6:24:52.134 AM]: Connection[id: d445dfe7-59ad-4fb4-a3be-6bae161428d6] - async connecting. Associated Snowflake domain: GLOBAL"}
{"level":"INFO","message":"[6:24:52.136 AM]: Trying to initialize Easy Logging"}
{"level":"INFO","message":"[6:24:52.140 AM]: No client config detected."}
{"level":"INFO","message":"[6:24:52.140 AM]: No config file path found. Client config will not be used."}
{"level":"INFO","message":"[6:24:52.141 AM]: Easy Logging is disabled as no config has been found"}
{"level":"INFO","message":"[6:24:52.143 AM]: Connection[id: d445dfe7-59ad-4fb4-a3be-6bae161428d6] - authentication successful using: SNOWFLAKE"}
{"level":"INFO","message":"[6:24:54.169 AM]: Connection[id: d445dfe7-59ad-4fb4-a3be-6bae161428d6] - connection established successfully after 2034.42 milliseconds"}
{"level":"INFO","message":"[6:46:57.452 AM]: Creating new connection object"}
{"level":"INFO","message":"[6:46:57.487 AM]: Creating Connection[id: ffdd130c-8ca3-4a8a-9be2-dac6228f1051] with host: VGLNBLD-UE65150.snowflakecomputing.com, account: VGLNBLD-UE65150, accessUrl: https://VGLNBLD-UE65150.snowflakecomputing.com, user: SHEEP, role: undefined, database: MIRROR, schema: MATCHING, warehouse: MIRROR_WH, proxy was not configured, password is provided, region: undefined, authenticator: SNOWFLAKE, ocsp mode: FAIL_OPEN, os: darwin, os version: 25.2.0"}
{"level":"INFO","message":"[6:46:57.489 AM]: Connection[id: ffdd130c-8ca3-4a8a-9be2-dac6228f1051] additional details: passcode in password is provided, passcode is not provided, private key is not provided, application: undefined, client name: snowflake-sdk, client version: 2.3.4, retry timeout: 300, private key path: undefined, private key pass is not provided, client store temporary credential: false, browser response timeout: 120000"}
{"level":"INFO","message":"[6:46:57.490 AM]: Connection[id: ffdd130c-8ca3-4a8a-9be2-dac6228f1051] - connection object created successfully."}
{"level":"INFO","message":"[6:46:57.492 AM]: Connection[id: ffdd130c-8ca3-4a8a-9be2-dac6228f1051] - async connecting. Associated Snowflake domain: GLOBAL"}
{"level":"INFO","message":"[6:46:57.493 AM]: Trying to initialize Easy Logging"}
{"level":"INFO","message":"[6:46:57.500 AM]: No client config detected."}
{"level":"INFO","message":"[6:46:57.503 AM]: No config file path found. Client config will not be used."}
{"level":"INFO","message":"[6:46:57.505 AM]: Easy Logging is disabled as no config has been found"}
{"level":"INFO","message":"[6:46:57.511 AM]: Connection[id: ffdd130c-8ca3-4a8a-9be2-dac6228f1051] - authentication successful using: SNOWFLAKE"}
{"level":"INFO","message":"[6:46:59.704 AM]: Connection[id: ffdd130c-8ca3-4a8a-9be2-dac6228f1051] - connection established successfully after 2212.46 milliseconds"}
{"level":"INFO","message":"[6:47:00.037 AM]: Creating new connection object"}
{"level":"INFO","message":"[6:47:00.038 AM]: Creating Connection[id: dad9b34f-aeea-4235-9c58-2020a9ddb0ab] with host: VGLNBLD-UE65150.snowflakecomputing.com, account: VGLNBLD-UE65150, accessUrl: https://VGLNBLD-UE65150.snowflakecomputing.com, user: SHEEP, role: undefined, database: MIRROR, schema: MATCHING, warehouse: MIRROR_WH, proxy was not configured, password is provided, region: undefined, authenticator: SNOWFLAKE, ocsp mode: FAIL_OPEN, os: darwin, os version: 25.2.0"}
{"level":"INFO","message":"[6:47:00.038 AM]: Connection[id: dad9b34f-aeea-4235-9c58-2020a9ddb0ab] additional details: passcode in password is provided, passcode is not provided, private key is not provided, application: undefined, client name: snowflake-sdk, client version: 2.3.4, retry timeout: 300, private key path: undefined, private key pass is not provided, client store temporary credential: false, browser response timeout: 120000"}
{"level":"INFO","message":"[6:47:00.039 AM]: Connection[id: dad9b34f-aeea-4235-9c58-2020a9ddb0ab] - connection object created successfully."}
{"level":"INFO","message":"[6:47:00.039 AM]: Connection[id: dad9b34f-aeea-4235-9c58-2020a9ddb0ab] - async connecting. Associated Snowflake domain: GLOBAL"}
{"level":"INFO","message":"[6:47:00.039 AM]: Connection[id: dad9b34f-aeea-4235-9c58-2020a9ddb0ab] - authentication successful using: SNOWFLAKE"}
{"level":"INFO","message":"[6:47:00.909 AM]: Connection[id: dad9b34f-aeea-4235-9c58-2020a9ddb0ab] - connection established successfully after 870.32 milliseconds"}
{"level":"INFO","message":"[6:47:01.039 AM]: Creating new connection object"}
{"level":"INFO","message":"[6:47:01.041 AM]: Creating Connection[id: 383cecc5-df82-4aa1-a1d1-fc2d06e993c2] with host: VGLNBLD-UE65150.snowflakecomputing.com, account: VGLNBLD-UE65150, accessUrl: https://VGLNBLD-UE65150.snowflakecomputing.com, user: SHEEP, role: undefined, database: MIRROR, schema: MATCHING, warehouse: MIRROR_WH, proxy was not configured, password is provided, region: undefined, authenticator: SNOWFLAKE, ocsp mode: FAIL_OPEN, os: darwin, os version: 25.2.0"}
{"level":"INFO","message":"[6:47:01.041 AM]: Connection[id: 383cecc5-df82-4aa1-a1d1-fc2d06e993c2] additional details: passcode in password is provided, passcode is not provided, private key is not provided, application: undefined, client name: snowflake-sdk, client version: 2.3.4, retry timeout: 300, private key path: undefined, private key pass is not provided, client store temporary credential: false, browser response timeout: 120000"}
{"level":"INFO","message":"[6:47:01.041 AM]: Connection[id: 383cecc5-df82-4aa1-a1d1-fc2d06e993c2] - connection object created successfully."}
{"level":"INFO","message":"[6:47:01.041 AM]: Connection[id: 383cecc5-df82-4aa1-a1d1-fc2d06e993c2] - async connecting. Associated Snowflake domain: GLOBAL"}
{"level":"INFO","message":"[6:47:01.042 AM]: Connection[id: 383cecc5-df82-4aa1-a1d1-fc2d06e993c2] - authentication successful using: SNOWFLAKE"}
{"level":"INFO","message":"[6:47:01.217 AM]: Connection[id: 383cecc5-df82-4aa1-a1d1-fc2d06e993c2] - connection established successfully after 175.32 milliseconds"}
{"level":"INFO","message":"[6:57:47.165 AM]: Creating new connection object"}
{"level":"INFO","message":"[6:57:47.194 AM]: Creating Connection[id: 1025de6b-f5ec-4188-a371-1637420d9294] with host: VGLNBLD-UE65150.snowflakecomputing.com, account: VGLNBLD-UE65150, accessUrl: https://VGLNBLD-UE65150.snowflakecomputing.com, user: SHEEP, role: undefined, database: MIRROR, schema: MATCHING, warehouse: MIRROR_WH, proxy was not configured, password is provided, region: undefined, authenticator: SNOWFLAKE, ocsp mode: FAIL_OPEN, os: darwin, os version: 25.2.0"}
{"level":"INFO","message":"[6:57:47.195 AM]: Connection[id: 1025de6b-f5ec-4188-a371-1637420d9294] additional details: passcode in password is provided, passcode is not provided, private key is not provided, application: undefined, client name: snowflake-sdk, client version: 2.3.4, retry timeout: 300, private key path: undefined, private key pass is not provided, client store temporary credential: false, browser response timeout: 120000"}
{"level":"INFO","message":"[6:57:47.196 AM]: Connection[id: 1025de6b-f5ec-4188-a371-1637420d9294] - connection object created successfully."}
{"level":"INFO","message":"[6:57:47.196 AM]: Connection[id: 1025de6b-f5ec-4188-a371-1637420d9294] - async connecting. Associated Snowflake domain: GLOBAL"}
{"level":"INFO","message":"[6:57:47.198 AM]: Trying to initialize Easy Logging"}
{"level":"INFO","message":"[6:57:47.203 AM]: No client config detected."}
{"level":"INFO","message":"[6:57:47.205 AM]: No config file path found. Client config will not be used."}
{"level":"INFO","message":"[6:57:47.205 AM]: Easy Logging is disabled as no config has been found"}
{"level":"INFO","message":"[6:57:47.207 AM]: Connection[id: 1025de6b-f5ec-4188-a371-1637420d9294] - authentication successful using: SNOWFLAKE"}
{"level":"INFO","message":"[6:57:51.462 AM]: Connection[id: 1025de6b-f5ec-4188-a371-1637420d9294] - connection established successfully after 4265.7 milliseconds"}
{"level":"INFO","message":"[6:57:51.655 AM]: Creating new connection object"}
{"level":"INFO","message":"[6:57:51.656 AM]: Creating Connection[id: fd8e3a88-ac39-4a02-a932-3d0868f1dcf9] with host: VGLNBLD-UE65150.snowflakecomputing.com, account: VGLNBLD-UE65150, accessUrl: https://VGLNBLD-UE65150.snowflakecomputing.com, user: SHEEP, role: undefined, database: MIRROR, schema: MATCHING, warehouse: MIRROR_WH, proxy was not configured, password is provided, region: undefined, authenticator: SNOWFLAKE, ocsp mode: FAIL_OPEN, os: darwin, os version: 25.2.0"}
{"level":"INFO","message":"[6:57:51.656 AM]: Connection[id: fd8e3a88-ac39-4a02-a932-3d0868f1dcf9] additional details: passcode in password is provided, passcode is not provided, private key is not provided, application: undefined, client name: snowflake-sdk, client version: 2.3.4, retry timeout: 300, private key path: undefined, private key pass is not provided, client store temporary credential: false, browser response timeout: 120000"}
{"level":"INFO","message":"[6:57:51.656 AM]: Connection[id: fd8e3a88-ac39-4a02-a932-3d0868f1dcf9] - connection object created successfully."}
{"level":"INFO","message":"[6:57:51.656 AM]: Connection[id: fd8e3a88-ac39-4a02-a932-3d0868f1dcf9] - async connecting. Associated Snowflake domain: GLOBAL"}
{"level":"INFO","message":"[6:57:51.656 AM]: Connection[id: fd8e3a88-ac39-4a02-a932-3d0868f1dcf9] - authentication successful using: SNOWFLAKE"}
{"level":"INFO","message":"[6:57:52.361 AM]: Connection[id: fd8e3a88-ac39-4a02-a932-3d0868f1dcf9] - connection established successfully after 704.84 milliseconds"}
{"level":"INFO","message":"[7:01:19.491 AM]: Creating new connection object"}
{"level":"INFO","message":"[7:01:19.512 AM]: Creating Connection[id: 3385df3a-ab11-46d9-92f8-a2b135a2b01f] with host: VGLNBLD-UE65150.snowflakecomputing.com, account: VGLNBLD-UE65150, accessUrl: https://VGLNBLD-UE65150.snowflakecomputing.com, user: SHEEP, role: undefined, database: MIRROR, schema: MATCHING, warehouse: MIRROR_WH, proxy was not configured, password is provided, region: undefined, authenticator: SNOWFLAKE, ocsp mode: FAIL_OPEN, os: darwin, os version: 25.2.0"}
{"level":"INFO","message":"[7:01:19.512 AM]: Connection[id: 3385df3a-ab11-46d9-92f8-a2b135a2b01f] additional details: passcode in password is provided, passcode is not provided, private key is not provided, application: undefined, client name: snowflake-sdk, client version: 2.3.4, retry timeout: 300, private key path: undefined, private key pass is not provided, client store temporary credential: false, browser response timeout: 120000"}
{"level":"INFO","message":"[7:01:19.512 AM]: Connection[id: 3385df3a-ab11-46d9-92f8-a2b135a2b01f] - connection object created successfully."}
{"level":"INFO","message":"[7:01:19.515 AM]: Connection[id: 3385df3a-ab11-46d9-92f8-a2b135a2b01f] - async connecting. Associated Snowflake domain: GLOBAL"}
{"level":"INFO","message":"[7:01:19.515 AM]: Connection[id: 3385df3a-ab11-46d9-92f8-a2b135a2b01f] - authentication successful using: SNOWFLAKE"}
{"level":"INFO","message":"[7:01:21.749 AM]: Connection[id: 3385df3a-ab11-46d9-92f8-a2b135a2b01f] - connection established successfully after 2234.96 milliseconds"}
{"level":"INFO","message":"[7:01:22.875 AM]: Creating new connection object"}
{"level":"INFO","message":"[7:01:22.876 AM]: Creating Connection[id: cc58cf87-d671-472d-a2a2-3552aa1d2afb] with host: VGLNBLD-UE65150.snowflakecomputing.com, account: VGLNBLD-UE65150, accessUrl: https://VGLNBLD-UE65150.snowflakecomputing.com, user: SHEEP, role: undefined, database: MIRROR, schema: MATCHING, warehouse: MIRROR_WH, proxy was not configured, password is provided, region: undefined, authenticator: SNOWFLAKE, ocsp mode: FAIL_OPEN, os: darwin, os version: 25.2.0"}
{"level":"INFO","message":"[7:01:22.877 AM]: Connection[id: cc58cf87-d671-472d-a2a2-3552aa1d2afb] additional details: passcode in password is provided, passcode is not provided, private key is not provided, application: undefined, client name: snowflake-sdk, client version: 2.3.4, retry timeout: 300, private key path: undefined, private key pass is not provided, client store temporary credential: false, browser response timeout: 120000"}
{"level":"INFO","message":"[7:01:22.877 AM]: Connection[id: cc58cf87-d671-472d-a2a2-3552aa1d2afb] - connection object created successfully."}
{"level":"INFO","message":"[7:01:22.877 AM]: Connection[id: cc58cf87-d671-472d-a2a2-3552aa1d2afb] - async connecting. Associated Snowflake domain: GLOBAL"}
{"level":"INFO","message":"[7:01:22.877 AM]: Connection[id: cc58cf87-d671-472d-a2a2-3552aa1d2afb] - authentication successful using: SNOWFLAKE"}
{"level":"INFO","message":"[7:01:23.226 AM]: Connection[id: cc58cf87-d671-472d-a2a2-3552aa1d2afb] - connection established successfully after 349.38 milliseconds"}
{"level":"INFO","message":"[7:04:47.528 AM]: Creating new connection object"}
{"level":"INFO","message":"[7:04:47.533 AM]: Creating Connection[id: 305671c4-6d2b-4e89-97f5-65a60ed6c120] with host: VGLNBLD-UE65150.snowflakecomputing.com, account: VGLNBLD-UE65150, accessUrl: https://VGLNBLD-UE65150.snowflakecomputing.com, user: SHEEP, role: undefined, database: MIRROR, schema: MATCHING, warehouse: MIRROR_WH, proxy was not configured, password is provided, region: undefined, authenticator: SNOWFLAKE, ocsp mode: FAIL_OPEN, os: darwin, os version: 25.2.0"}
{"level":"INFO","message":"[7:04:47.534 AM]: Connection[id: 305671c4-6d2b-4e89-97f5-65a60ed6c120] additional details: passcode in password is provided, passcode is not provided, private key is not provided, application: undefined, client name: snowflake-sdk, client version: 2.3.4, retry timeout: 300, private key path: undefined, private key pass is not provided, client store temporary credential: false, browser response timeout: 120000"}
{"level":"INFO","message":"[7:04:47.535 AM]: Connection[id: 305671c4-6d2b-4e89-97f5-65a60ed6c120] - connection object created successfully."}
{"level":"INFO","message":"[7:04:47.536 AM]: Connection[id: 305671c4-6d2b-4e89-97f5-65a60ed6c120] - async connecting. Associated Snowflake domain: GLOBAL"}
{"level":"INFO","message":"[7:04:47.537 AM]: Connection[id: 305671c4-6d2b-4e89-97f5-65a60ed6c120] - authentication successful using: SNOWFLAKE"}
{"level":"INFO","message":"[7:04:49.435 AM]: Connection[id: 305671c4-6d2b-4e89-97f5-65a60ed6c120] - connection established successfully after 1899.19 milliseconds"}
{"level":"INFO","message":"[7:04:50.468 AM]: Creating new connection object"}
{"level":"INFO","message":"[7:04:50.470 AM]: Creating Connection[id: 1d3dee98-5a49-4099-8677-e670bade2b30] with host: VGLNBLD-UE65150.snowflakecomputing.com, account: VGLNBLD-UE65150, accessUrl: https://VGLNBLD-UE65150.snowflakecomputing.com, user: SHEEP, role: undefined, database: MIRROR, schema: MATCHING, warehouse: MIRROR_WH, proxy was not configured, password is provided, region: undefined, authenticator: SNOWFLAKE, ocsp mode: FAIL_OPEN, os: darwin, os version: 25.2.0"}
{"level":"INFO","message":"[7:04:50.470 AM]: Connection[id: 1d3dee98-5a49-4099-8677-e670bade2b30] additional details: passcode in password is provided, passcode is not provided, private key is not provided, application: undefined, client name: snowflake-sdk, client version: 2.3.4, retry timeout: 300, private key path: undefined, private key pass is not provided, client store temporary credential: false, browser response timeout: 120000"}
{"level":"INFO","message":"[7:04:50.470 AM]: Connection[id: 1d3dee98-5a49-4099-8677-e670bade2b30] - connection object created successfully."}
{"level":"INFO","message":"[7:04:50.470 AM]: Connection[id: 1d3dee98-5a49-4099-8677-e670bade2b30] - async connecting. Associated Snowflake domain: GLOBAL"}
{"level":"INFO","message":"[7:04:50.470 AM]: Connection[id: 1d3dee98-5a49-4099-8677-e670bade2b30] - authentication successful using: SNOWFLAKE"}
{"level":"INFO","message":"[7:04:51.272 AM]: Connection[id: 1d3dee98-5a49-4099-8677-e670bade2b30] - connection established successfully after 802.14 milliseconds"}
